
> meowstik-core@1.0.0 dev
> (fuser -k 5000/tcp || true) && tsx server/index.ts

5000/tcp:            28028
✅ [Env] .env file loaded and variables overridden.
🚀 [Env] GOOGLE_CLIENT_ID: 188476922299-qmfibap676nuuqs2hbj5q97j2etdfupu.apps.googleusercontent.com
🚀 [Env] GOOGLE_REDIRECT_URI: http://localhost:5000/api/auth/google/callback
⏳ [Boot] Setting up Auth...
🔑 [Auth] Using Google Client ID: 1884769222...
🌐 [Auth] Using Redirect URI: http://localhost:5000/api/auth/google/callback
⏳ [Boot] Creating HTTP Server...
⏳ [Boot] Registering API Routes...
[Routes] registerRoutes entry. app defined? true
[Routes] Calling setupAuth...
[Auth] Session Config: secure=false, sameSite=lax, proxy=true
✅ [Google Auth] OAuth strategy registered
[Routes] setupAuth completed.
✅ [Boot] API Routes Registered.
[Terminal WS] WebSocket server initialized with interactive shell support
[Collab WS] WebSocket server initialized
[Desktop WS] WebSocket server initialized
[Live WS] WebSocket server initialized
⏳ [Boot] Starting Vite Middleware (This can take 5-10 seconds)...
Pre-Vite Upgrade Listeners: 4
Post-Vite Upgrade Listeners: 5
✅ [Boot] Vite Middleware Online.
Final Upgrade Listeners: 5

========================================
🚀 MEOWSTIK CORE ONLINE: http://localhost:5000
========================================

⏳ [Boot] Pinging Database...
(node:28234) Warning: SECURITY WARNING: The SSL modes 'prefer', 'require', and 'verify-ca' are treated as aliases for 'verify-full'.
In the next major version (pg-connection-string v3.0.0 and pg v9.0.0), these modes will adopt standard libpq semantics, which have weaker security guarantees.

To prepare for this change:
- If you want the current behavior, explicitly use 'sslmode=verify-full'
- If you want libpq compatibility now, use 'uselibpqcompat=true&sslmode=require'

See https://www.postgresql.org/docs/current/libpq-ssl.html for libpq SSL mode definitions.
(Use `node --trace-warnings ...` to show where the warning was created)
✅ [Boot] Database Link Established
[Live WS] Upgrade request for: /
➡️  [REQ] GET /live
⬅️  [RES] GET / - Status: 200 (436ms)
➡️  [REQ] GET /@vite/client
➡️  [REQ] GET /src/main.tsx
➡️  [REQ] GET /@react-refresh
➡️  [REQ] GET /manifest.json
⬅️  [RES] GET /@react-refresh - Status: 304 (898ms)

warn - The class `ease-[cubic-bezier(0.2,0,0,1)]` is ambiguous and matches multiple utilities.
warn - If this is content and not a class, replace it with `ease-&lsqb;cubic-bezier(0.2,0,0,1)&rsqb;` to silence this warning.
❌ getUserByEmail Error: error: Authentication timed out
    at /home/runner/Meowstik/node_modules/.pnpm/pg-pool@3.11.0_pg@8.18.0/node_modules/pg-pool/index.js:45:11
    at process.processTicksAndRejections (node:internal/process/task_queues:95:5)
    at async <anonymous> (/home/runner/Meowstik/node_modules/.pnpm/drizzle-orm@0.39.3_@neondatabase+serverless@0.10.4_@opentelemetry+api@1.9.0_@types+pg@8.16.0_pg@8.18.0_postgres@3.4.8/node_modules/src/node-postgres/session.ts:104:19)
    at async DatabaseStorage.getUserByEmail (/home/runner/Meowstik/server/storage.ts:115:22)
    at async getHomeDevUser (/home/runner/Meowstik/server/homeDevAuth.ts:25:14)
    at async checkAuthStatus (/home/runner/Meowstik/server/routes/middleware.ts:197:23) {
  length: 45,
  severity: 'ERROR',
  code: '08P01',
  detail: undefined,
  hint: undefined,
  position: undefined,
  internalPosition: undefined,
  internalQuery: undefined,
  where: undefined,
  schema: undefined,
  table: undefined,
  column: undefined,
  dataType: undefined,
  constraint: undefined,
  file: undefined,
  line: undefined,
  routine: undefined
}
➡️  [REQ] GET /
⬅️  [RES] GET /src/main.tsx - Status: 500 (17327ms)
error: Authentication timed out
    at /home/runner/Meowstik/node_modules/.pnpm/pg-pool@3.11.0_pg@8.18.0/node_modules/pg-pool/index.js:45:11
    at process.processTicksAndRejections (node:internal/process/task_queues:95:5)
    at async PGStore._asyncQuery (/home/runner/Meowstik/node_modules/.pnpm/connect-pg-simple@10.0.0/node_modules/connect-pg-simple/index.js:322:21)
Failed to create home dev session: error: duplicate key value violates unique constraint "users_email_unique"
    at /home/runner/Meowstik/node_modules/.pnpm/pg-pool@3.11.0_pg@8.18.0/node_modules/pg-pool/index.js:45:11
    at process.processTicksAndRejections (node:internal/process/task_queues:95:5)
    at async <anonymous> (/home/runner/Meowstik/node_modules/.pnpm/drizzle-orm@0.39.3_@neondatabase+serverless@0.10.4_@opentelemetry+api@1.9.0_@types+pg@8.16.0_pg@8.18.0_postgres@3.4.8/node_modules/src/node-postgres/session.ts:104:19)
    at async DatabaseStorage.createUser (/home/runner/Meowstik/server/storage.ts:124:20)
    at async getHomeDevUser (/home/runner/Meowstik/server/homeDevAuth.ts:27:12)
    at async checkAuthStatus (/home/runner/Meowstik/server/routes/middleware.ts:197:23) {
  length: 223,
  severity: 'ERROR',
  code: '23505',
  detail: 'Key (email)=(jason@oceanshorestech.com) already exists.',
  hint: undefined,
  position: undefined,
  internalPosition: undefined,
  internalQuery: undefined,
  where: undefined,
  schema: 'public',
  table: 'users',
  column: undefined,
  dataType: undefined,
  constraint: 'users_email_unique',
  file: 'nbtinsert.c',
  line: '666',
  routine: '_bt_check_unique'
}
⬅️  [RES] GET /manifest.json - Status: 304 (17897ms)
⬅️  [RES] GET /@vite/client - Status: 200 (23215ms)
➡️  [REQ] GET /@fs/home/runner/Meowstik/node_modules/.pnpm/vite@6.4.1_@types+node@20.19.33_jiti@1.21.7_lightningcss@1.30.2_tsx@4.21.0_yaml@2.8.2/node_modules/vite/dist/client/env.mjs
⬅️  [RES] GET /@fs/home/runner/Meowstik/node_modules/.pnpm/vite@6.4.1_@types+node@20.19.33_jiti@1.21.7_lightningcss@1.30.2_tsx@4.21.0_yaml@2.8.2/node_modules/vite/dist/client/env.mjs - Status: 304 (221ms)
[Live WS] Upgrade request for: /?token=stAiG_ooYIGT
➡️  [REQ] GET /favicon.png
⬅️  [RES] GET / - Status: 200 (5031ms)
➡️  [REQ] GET /@vite/client
➡️  [REQ] GET /src/main.tsx
⬅️  [RES] GET /favicon.png - Status: 304 (315ms)
➡️  [REQ] GET /favicon.png
➡️  [REQ] GET /manifest.json
➡️  [REQ] GET /@react-refresh
⬅️  [RES] GET /@vite/client - Status: 304 (465ms)
➡️  [REQ] GET /@fs/home/runner/Meowstik/node_modules/.pnpm/vite@6.4.1_@types+node@20.19.33_jiti@1.21.7_lightningcss@1.30.2_tsx@4.21.0_yaml@2.8.2/node_modules/vite/dist/client/env.mjs
⬅️  [RES] GET /favicon.png - Status: 304 (192ms)
⬅️  [RES] GET /@fs/home/runner/Meowstik/node_modules/.pnpm/vite@6.4.1_@types+node@20.19.33_jiti@1.21.7_lightningcss@1.30.2_tsx@4.21.0_yaml@2.8.2/node_modules/vite/dist/client/env.mjs - Status: 304 (189ms)
⬅️  [RES] GET /src/main.tsx - Status: 200 (1093ms)
➡️  [REQ] GET /src/index.css
➡️  [REQ] GET /src/App.tsx
⬅️  [RES] GET /manifest.json - Status: 304 (807ms)
⬅️  [RES] GET /@react-refresh - Status: 304 (802ms)
[Live WS] Upgrade request for: /?token=stAiG_ooYIGT
⬅️  [RES] GET /src/index.css - Status: 304 (190ms)
⬅️  [RES] GET /src/App.tsx - Status: 304 (208ms)
➡️  [REQ] GET /src/components/ui/toaster.tsx
➡️  [REQ] GET /src/lib/queryClient.ts
➡️  [REQ] GET /src/components/ui/tooltip.tsx
➡️  [REQ] GET /src/pages/not-found.tsx
➡️  [REQ] GET /src/pages/home.tsx
➡️  [REQ] GET /src/pages/editor.tsx
⬅️  [RES] GET /src/components/ui/toaster.tsx - Status: 304 (206ms)
➡️  [REQ] GET /src/pages/preview.tsx
⬅️  [RES] GET /src/lib/queryClient.ts - Status: 304 (237ms)
➡️  [REQ] GET /src/pages/google-services.tsx
⬅️  [RES] GET /src/components/ui/tooltip.tsx - Status: 304 (224ms)
⬅️  [RES] GET /src/pages/not-found.tsx - Status: 304 (189ms)
➡️  [REQ] GET /src/pages/help.tsx
➡️  [REQ] GET /src/pages/music-generation.tsx
⬅️  [RES] GET /src/pages/home.tsx - Status: 304 (233ms)
➡️  [REQ] GET /src/pages/image-generation.tsx
⬅️  [RES] GET /src/pages/preview.tsx - Status: 304 (317ms)
➡️  [REQ] GET /src/pages/terminal.tsx
⬅️  [RES] GET /src/pages/google-services.tsx - Status: 304 (367ms)
⬅️  [RES] GET /src/pages/help.tsx - Status: 304 (359ms)
⬅️  [RES] GET /src/pages/music-generation.tsx - Status: 304 (313ms)
➡️  [REQ] GET /src/pages/debug.tsx
➡️  [REQ] GET /src/pages/settings.tsx
➡️  [REQ] GET /src/pages/python-sandbox.tsx
⬅️  [RES] GET /src/pages/image-generation.tsx - Status: 304 (347ms)
➡️  [REQ] GET /src/pages/web-search.tsx
⬅️  [RES] GET /src/pages/terminal.tsx - Status: 304 (232ms)
➡️  [REQ] GET /src/pages/knowledge-ingestion.tsx
⬅️  [RES] GET /src/pages/debug.tsx - Status: 304 (222ms)
⬅️  [RES] GET /src/pages/settings.tsx - Status: 304 (285ms)
⬅️  [RES] GET /src/pages/python-sandbox.tsx - Status: 304 (293ms)
➡️  [REQ] GET /src/pages/markdown-playground.tsx
➡️  [REQ] GET /src/pages/evolution.tsx
➡️  [REQ] GET /src/pages/task-queue.tsx
⬅️  [RES] GET /src/pages/web-search.tsx - Status: 304 (286ms)
➡️  [REQ] GET /src/pages/schedules.tsx
⬅️  [RES] GET /src/pages/knowledge-ingestion.tsx - Status: 304 (321ms)
➡️  [REQ] GET /src/pages/browser.tsx
⬅️  [RES] GET /src/pages/markdown-playground.tsx - Status: 304 (217ms)
➡️  [REQ] GET /src/pages/database-explorer.tsx
⬅️  [RES] GET /src/pages/evolution.tsx - Status: 304 (232ms)
⬅️  [RES] GET /src/pages/task-queue.tsx - Status: 304 (228ms)
➡️  [REQ] GET /src/pages/live.tsx
⬅️  [RES] GET /src/pages/schedules.tsx - Status: 304 (244ms)
➡️  [REQ] GET /src/pages/watch.tsx
➡️  [REQ] GET /src/pages/glasses.tsx
⬅️  [RES] GET /src/pages/browser.tsx - Status: 304 (237ms)
⬅️  [RES] GET /src/pages/editor.tsx - Status: 304 (1302ms)
⬅️  [RES] GET /src/pages/database-explorer.tsx - Status: 304 (218ms)
➡️  [REQ] GET /src/pages/collaborate.tsx
➡️  [REQ] GET /src/pages/proposal-desktop-collaboration.tsx
⬅️  [RES] GET /src/pages/live.tsx - Status: 304 (196ms)
➡️  [REQ] GET /src/pages/workspace.tsx
➡️  [REQ] GET /src/pages/vision.tsx
⬅️  [RES] GET /src/pages/watch.tsx - Status: 304 (197ms)
⬅️  [RES] GET /src/pages/glasses.tsx - Status: 304 (218ms)
➡️  [REQ] GET /src/pages/docs.tsx
➡️  [REQ] GET /src/pages/agent-settings.tsx
⬅️  [RES] GET /src/pages/collaborate.tsx - Status: 304 (205ms)
➡️  [REQ] GET /src/pages/landing.tsx
⬅️  [RES] GET /src/pages/proposal-desktop-collaboration.tsx - Status: 304 (207ms)
⬅️  [RES] GET /src/pages/workspace.tsx - Status: 304 (213ms)
⬅️  [RES] GET /src/pages/vision.tsx - Status: 304 (229ms)
➡️  [REQ] GET /src/pages/install.tsx
➡️  [REQ] GET /src/pages/rag-debug.tsx
➡️  [REQ] GET /src/pages/login.tsx
⬅️  [RES] GET /src/pages/docs.tsx - Status: 304 (213ms)
⬅️  [RES] GET /src/pages/agent-settings.tsx - Status: 304 (231ms)
➡️  [REQ] GET /src/pages/audio-settings.tsx
➡️  [REQ] GET /src/pages/voice-lab.tsx
⬅️  [RES] GET /src/pages/landing.tsx - Status: 304 (223ms)
➡️  [REQ] GET /src/pages/sound-settings.tsx
⬅️  [RES] GET /src/pages/install.tsx - Status: 304 (267ms)
⬅️  [RES] GET /src/pages/rag-debug.tsx - Status: 304 (261ms)
⬅️  [RES] GET /src/pages/login.tsx - Status: 304 (248ms)
➡️  [REQ] GET /src/pages/communications.tsx
➡️  [REQ] GET /src/pages/cameras.tsx
➡️  [REQ] GET /src/contexts/tts-context.tsx
⬅️  [RES] GET /src/pages/audio-settings.tsx - Status: 304 (268ms)
➡️  [REQ] GET /src/contexts/LocalDriveContext.tsx
⬅️  [RES] GET /src/pages/voice-lab.tsx - Status: 304 (221ms)
⬅️  [RES] GET /src/pages/sound-settings.tsx - Status: 304 (210ms)
➡️  [REQ] GET /src/contexts/AuthContext.tsx
➡️  [REQ] GET /src/components/protected-route.tsx
⬅️  [RES] GET /src/pages/communications.tsx - Status: 304 (285ms)
⬅️  [RES] GET /src/contexts/tts-context.tsx - Status: 304 (261ms)
⬅️  [RES] GET /src/pages/cameras.tsx - Status: 304 (306ms)
⬅️  [RES] GET /src/contexts/LocalDriveContext.tsx - Status: 304 (241ms)
➡️  [REQ] GET /src/hooks/use-toast.ts
➡️  [REQ] GET /src/components/ui/toast.tsx
➡️  [REQ] GET /src/components/ui/button.tsx
➡️  [REQ] GET /src/lib/utils.ts
⬅️  [RES] GET /src/contexts/AuthContext.tsx - Status: 304 (272ms)
⬅️  [RES] GET /src/components/protected-route.tsx - Status: 304 (270ms)
➡️  [REQ] GET /src/components/chat/sidebar.tsx
➡️  [REQ] GET /src/components/chat/message.tsx
⬅️  [RES] GET /src/hooks/use-toast.ts - Status: 304 (269ms)
⬅️  [RES] GET /src/components/ui/toast.tsx - Status: 304 (235ms)
⬅️  [RES] GET /src/components/ui/button.tsx - Status: 304 (229ms)
⬅️  [RES] GET /src/lib/utils.ts - Status: 304 (225ms)
➡️  [REQ] GET /src/components/ui/verbosity-slider.tsx
➡️  [REQ] GET /src/assets/generated_images/cute_cat_logo_icon.png?import
➡️  [REQ] GET /src/components/chat/input-area.tsx
➡️  [REQ] GET /src/components/ui/local-drive-button.tsx
⬅️  [RES] GET /src/components/chat/message.tsx - Status: 304 (333ms)
⬅️  [RES] GET /src/components/chat/sidebar.tsx - Status: 304 (358ms)
➡️  [REQ] GET /src/hooks/useAuth.ts
➡️  [REQ] GET /src/components/ui/input.tsx
⬅️  [RES] GET /src/assets/generated_images/cute_cat_logo_icon.png?import - Status: 304 (362ms)
⬅️  [RES] GET /src/components/ui/verbosity-slider.tsx - Status: 304 (444ms)
⬅️  [RES] GET /src/components/chat/input-area.tsx - Status: 304 (495ms)
➡️  [REQ] GET /src/components/ui/textarea.tsx
➡️  [REQ] GET /src/components/ui/tabs.tsx
⬅️  [RES] GET /src/components/ui/local-drive-button.tsx - Status: 304 (449ms)
➡️  [REQ] GET /src/components/ui/scroll-area.tsx
➡️  [REQ] GET /src/components/ui/badge.tsx
⬅️  [RES] GET /src/hooks/useAuth.ts - Status: 304 (573ms)
⬅️  [RES] GET /src/components/ui/input.tsx - Status: 304 (573ms)
➡️  [REQ] GET /src/components/ui/collapsible.tsx
➡️  [REQ] GET /src/components/ui/label.tsx
⬅️  [RES] GET /src/components/ui/textarea.tsx - Status: 304 (616ms)
⬅️  [RES] GET /src/components/ui/tabs.tsx - Status: 304 (650ms)
⬅️  [RES] GET /src/components/ui/badge.tsx - Status: 304 (633ms)
⬅️  [RES] GET /src/components/ui/scroll-area.tsx - Status: 304 (650ms)
➡️  [REQ] GET /src/components/ui/slider.tsx
➡️  [REQ] GET /src/components/ui/select.tsx
➡️  [REQ] GET /@fs/home/runner/Meowstik/node_modules/.pnpm/@xterm+xterm@6.0.0/node_modules/@xterm/xterm/css/xterm.css
➡️  [REQ] GET /src/components/ui/switch.tsx
⬅️  [RES] GET /src/components/ui/collapsible.tsx - Status: 304 (539ms)
➡️  [REQ] GET /src/components/ui/progress.tsx
⬅️  [RES] GET /src/components/ui/label.tsx - Status: 304 (778ms)
➡️  [REQ] GET /src/components/ui/enhanced-markdown.tsx
⬅️  [RES] GET /src/components/ui/select.tsx - Status: 304 (491ms)
⬅️  [RES] GET /src/components/ui/slider.tsx - Status: 304 (501ms)
⬅️  [RES] GET /@fs/home/runner/Meowstik/node_modules/.pnpm/@xterm+xterm@6.0.0/node_modules/@xterm/xterm/css/xterm.css - Status: 304 (486ms)
⬅️  [RES] GET /src/components/ui/switch.tsx - Status: 304 (497ms)
➡️  [REQ] GET /src/components/ui/feedback-panel.tsx
➡️  [REQ] GET /src/components/ui/checkbox.tsx
➡️  [REQ] GET /src/components/ui/dialog.tsx
➡️  [REQ] GET /src/components/ui/dropdown-menu.tsx
⬅️  [RES] GET /src/components/ui/progress.tsx - Status: 304 (620ms)
➡️  [REQ] GET /src/components/ui/resizable.tsx
⬅️  [RES] GET /src/components/ui/feedback-panel.tsx - Status: 304 (595ms)
⬅️  [RES] GET /src/components/ui/dropdown-menu.tsx - Status: 304 (572ms)
⬅️  [RES] GET /src/components/ui/enhanced-markdown.tsx - Status: 304 (775ms)
⬅️  [RES] GET /src/components/ui/dialog.tsx - Status: 304 (603ms)
⬅️  [RES] GET /src/components/ui/checkbox.tsx - Status: 304 (613ms)
➡️  [REQ] GET /src/hooks/use-collaborative-editing.ts
➡️  [REQ] GET /src/hooks/use-speech-recognition.ts
➡️  [REQ] GET /src/assets/generated_images/watch_hero_banner_with_ai_features.png?import
➡️  [REQ] GET /src/assets/generated_images/watch_voice_command_interface.png?import
➡️  [REQ] GET /src/assets/generated_images/smartwatch_with_ai_chat_interface.png?import
⬅️  [RES] GET /src/components/ui/resizable.tsx - Status: 304 (615ms)
➡️  [REQ] GET /src/assets/generated_images/watch_and_laptop_collaborative_editing.png?import
⬅️  [RES] GET /src/hooks/use-speech-recognition.ts - Status: 304 (577ms)
⬅️  [RES] GET /src/hooks/use-collaborative-editing.ts - Status: 304 (622ms)
➡️  [REQ] GET /src/assets/generated_images/ar_smart_glasses_with_holographic_display.png?import
➡️  [REQ] GET /src/assets/generated_images/realistic_ar_router_identification_pov.png?import
⬅️  [RES] GET /src/assets/generated_images/watch_voice_command_interface.png?import - Status: 304 (854ms)
⬅️  [RES] GET /src/assets/generated_images/smartwatch_with_ai_chat_interface.png?import - Status: 304 (754ms)
⬅️  [RES] GET /src/assets/generated_images/watch_hero_banner_with_ai_features.png?import - Status: 304 (908ms)
⬅️  [RES] GET /src/assets/generated_images/watch_and_laptop_collaborative_editing.png?import - Status: 304 (741ms)
➡️  [REQ] GET /src/assets/generated_images/realistic_rack_back_with_ar_overlay.png?import
➡️  [REQ] GET /src/components/ui/card.tsx
➡️  [REQ] GET /src/assets/generated_images/realistic_cable_nightmare_with_ar_trace.png?import
➡️  [REQ] GET /src/components/ui/separator.tsx
⬅️  [RES] GET /src/assets/generated_images/realistic_ar_router_identification_pov.png?import - Status: 304 (866ms)
⬅️  [RES] GET /src/assets/generated_images/ar_smart_glasses_with_holographic_display.png?import - Status: 304 (918ms)
➡️  [REQ] GET /src/hooks/use-silence-detection.ts
➡️  [REQ] GET /src/components/rag/TraceList.tsx
⬅️  [RES] GET /src/assets/generated_images/realistic_rack_back_with_ar_overlay.png?import - Status: 304 (643ms)
➡️  [REQ] GET /src/components/rag/MetricsDashboard.tsx
⬅️  [RES] GET /src/components/ui/separator.tsx - Status: 304 (782ms)
⬅️  [RES] GET /src/assets/generated_images/realistic_cable_nightmare_with_ar_trace.png?import - Status: 304 (834ms)
⬅️  [RES] GET /src/components/ui/card.tsx - Status: 304 (841ms)
➡️  [REQ] GET /src/components/ui/avatar.tsx
➡️  [REQ] GET /@fs/home/runner/Meowstik/shared/schema.ts
➡️  [REQ] GET /src/components/ui/form.tsx
⬅️  [RES] GET /src/components/rag/TraceList.tsx - Status: 304 (459ms)
➡️  [REQ] GET /src/lib/file-picker.ts
⬅️  [RES] GET /src/components/rag/MetricsDashboard.tsx - Status: 304 (479ms)
⬅️  [RES] GET /src/hooks/use-silence-detection.ts - Status: 304 (587ms)
➡️  [REQ] GET /src/lib/local-drive-store.ts
➡️  [REQ] GET /src/components/rag/SourceCitation.tsx
⬅️  [RES] GET /src/components/ui/form.tsx - Status: 304 (289ms)
➡️  [REQ] GET /src/hooks/use-app-session.ts
⬅️  [RES] GET /@fs/home/runner/Meowstik/shared/schema.ts - Status: 304 (329ms)
⬅️  [RES] GET /src/components/ui/avatar.tsx - Status: 304 (341ms)
➡️  [REQ] GET /src/hooks/use-voice.ts
⬅️  [RES] GET /src/lib/file-picker.ts - Status: 304 (242ms)
⬅️  [RES] GET /src/components/rag/SourceCitation.tsx - Status: 304 (456ms)
⬅️  [RES] GET /src/lib/local-drive-store.ts - Status: 304 (495ms)
⬅️  [RES] GET /src/hooks/use-app-session.ts - Status: 304 (449ms)
⬅️  [RES] GET /src/hooks/use-voice.ts - Status: 304 (587ms)
➡️  [REQ] GET /api/auth/user
➡️  [REQ] GET /favicon.png
⬅️  [RES] GET /api/auth/user - Status: 304 (538ms)
⬅️  [RES] GET /favicon.png - Status: 304 (267ms)
➡️  [REQ] GET /favicon.png
⬅️  [RES] GET /favicon.png - Status: 304 (276ms)
➡️  [REQ] GET /api/status
➡️  [REQ] GET /api/chats
➡️  [REQ] GET /api/status
⬅️  [RES] GET / - Status: 200 (405ms)
⬅️  [RES] GET /api/chats - Status: 304 (467ms)
⬅️  [RES] GET / - Status: 200 (234ms)
➡️  [REQ] GET /src/assets/generated_images/cute_cat_logo_icon.png
⬅️  [RES] GET /src/assets/generated_images/cute_cat_logo_icon.png - Status: 304 (550ms)
➡️  [REQ] GET /api/chats/8b163791-2bee-40f1-bad8-d79493c51907?limit=30
